#
# There is insufficient memory for the Java Runtime Environment to continue.
# Native memory allocation (malloc) failed to allocate 32744 bytes for ChunkPool::allocate
# Possible reasons:
#   The system is out of physical RAM or swap space
#   In 32 bit mode, the process size limit was hit
# Possible solutions:
#   Reduce memory load on the system
#   Increase physical memory or swap space
#   Check if swap backing store is full
#   Use 64 bit Java on a 64 bit OS
#   Decrease Java heap size (-Xmx/-Xms)
#   Decrease number of Java threads
#   Decrease Java thread stack sizes (-Xss)
#   Set larger code cache with -XX:ReservedCodeCacheSize=
# This output file may be truncated or incomplete.
#
#  Out of Memory Error (allocation.cpp:273), pid=10408, tid=0x0000000000002e20
#
# JRE version: Java(TM) SE Runtime Environment (8.0_121-b13) (build 1.8.0_121-b13)
# Java VM: Java HotSpot(TM) 64-Bit Server VM (25.121-b13 mixed mode windows-amd64 compressed oops)
# Failed to write core dump. Minidumps are not enabled by default on client versions of Windows
#

---------------  T H R E A D  ---------------

Current thread (0x000000001b924000):  JavaThread "C1 CompilerThread2" daemon [_thread_in_native, id=11808, stack(0x000000001c2e0000,0x000000001c3e0000)]

Stack: [0x000000001c2e0000,0x000000001c3e0000]
[error occurred during error reporting (printing stack bounds), id 0xc0000005]

Native frames: (J=compiled Java code, j=interpreted, Vv=VM code, C=native code)


Current CompileTask:
C1:  11603 3248       1       org.fusesource.jansi.AnsiOutputStream::write (874 bytes)


---------------  P R O C E S S  ---------------

Java Threads: ( => current thread )
  0x000000001f5cf800 JavaThread "forward input" [_thread_blocked, id=18312, stack(0x00000000204e0000,0x00000000205e0000)]
  0x000000001eb74800 JavaThread "Connection worker" [_thread_in_native, id=6964, stack(0x000000001fcf0000,0x000000001fdf0000)]
  0x000000001ca80800 JavaThread "NonBlockingInputStreamThread" daemon [_thread_blocked, id=16892, stack(0x000000001d650000,0x000000001d750000)]
  0x000000001b9aa800 JavaThread "Service Thread" daemon [_thread_blocked, id=9876, stack(0x000000001c3e0000,0x000000001c4e0000)]
=>0x000000001b924000 JavaThread "C1 CompilerThread2" daemon [_thread_in_native, id=11808, stack(0x000000001c2e0000,0x000000001c3e0000)]
  0x000000001b922800 JavaThread "C2 CompilerThread1" daemon [_thread_blocked, id=12728, stack(0x000000001c1e0000,0x000000001c2e0000)]
  0x000000001b91a000 JavaThread "C2 CompilerThread0" daemon [_thread_blocked, id=14420, stack(0x000000001c0e0000,0x000000001c1e0000)]
  0x000000001b918800 JavaThread "Attach Listener" daemon [_thread_blocked, id=9460, stack(0x000000001bfe0000,0x000000001c0e0000)]
  0x000000001b917000 JavaThread "Signal Dispatcher" daemon [_thread_blocked, id=5356, stack(0x000000001bee0000,0x000000001bfe0000)]
  0x000000001b911800 JavaThread "Finalizer" daemon [_thread_blocked, id=16664, stack(0x000000001bcf0000,0x000000001bdf0000)]
  0x0000000019a1d800 JavaThread "Reference Handler" daemon [_thread_blocked, id=14936, stack(0x000000001b7f0000,0x000000001b8f0000)]
  0x0000000000aee000 JavaThread "main" [_thread_blocked, id=14640, stack(0x00000000022e0000,0x00000000023e0000)]

Other Threads:
  0x0000000019a19000 VMThread [stack: 0x000000001b6f0000,0x000000001b7f0000] [id=12436]
  0x000000001b9e8800 WatcherThread [stack: 0x000000001c4e0000,0x000000001c5e0000] [id=19856]

VM state:not at safepoint (normal execution)

VM Mutex/Monitor currently owned by a thread: None

Heap:
 PSYoungGen      total 409600K, used 72474K [0x0000000780500000, 0x00000007a8a80000, 0x00000007c0000000)
  eden space 393216K, 18% used [0x0000000780500000,0x0000000784bc6820,0x0000000798500000)
  from space 16384K, 0% used [0x0000000798500000,0x0000000798500000,0x0000000799500000)
  to   space 15872K, 0% used [0x00000007a7b00000,0x00000007a7b00000,0x00000007a8a80000)
 ParOldGen       total 111616K, used 29968K [0x0000000700e00000, 0x0000000707b00000, 0x0000000780500000)
  object space 111616K, 26% used [0x0000000700e00000,0x0000000702b44020,0x0000000707b00000)
 Metaspace       used 24410K, capacity 25850K, committed 25984K, reserved 1071104K
  class space    used 3390K, capacity 4183K, committed 4224K, reserved 1048576K

Card table byte_map: [0x00000000118a0000,0x0000000011ea0000] byte_map_base: 0x000000000e099000

Marking Bits: (ParMarkBitMap*) 0x0000000077f7b6d0
 Begin Bits: [0x0000000012aa0000, 0x0000000015a68000)
 End Bits:   [0x0000000015a68000, 0x0000000018a30000)

Polling page: 0x00000000008e0000

CodeCache: size=245760Kb used=8668Kb max_used=8668Kb free=237091Kb
 bounds [0x00000000024e0000, 0x0000000002d60000, 0x00000000114e0000]
 total_blobs=3907 nmethods=3247 adapters=571
 compilation: enabled

Compilation events (10 events):
Event: 8.007 Thread 0x000000001b924000 nmethod 3243 0x0000000002d55950 code [0x0000000002d55b20, 0x0000000002d55ff8]
Event: 8.013 Thread 0x000000001b924000 3244       1       java.nio.channels.spi.AbstractSelector::cancelledKeys (5 bytes)
Event: 8.013 Thread 0x000000001b924000 nmethod 3244 0x0000000002d56390 code [0x0000000002d564e0, 0x0000000002d565f0]
Event: 8.013 Thread 0x000000001b924000 3245       1       org.gradle.internal.serialize.kryo.KryoBackedDecoder::readString (5 bytes)
Event: 8.013 Thread 0x000000001b924000 nmethod 3245 0x0000000002d56650 code [0x0000000002d567c0, 0x0000000002d56958]
Event: 8.019 Thread 0x000000001b924000 3246       1       com.esotericsoftware.kryo.io.Input::readUtf8Length (139 bytes)
Event: 8.019 Thread 0x000000001b924000 nmethod 3246 0x0000000002d56ad0 code [0x0000000002d56c40, 0x0000000002d56e90]
Event: 9.198 Thread 0x000000001b924000 3247       1       java.lang.Integer::equals (29 bytes)
Event: 9.198 Thread 0x000000001b924000 nmethod 3247 0x0000000002d56fd0 code [0x0000000002d57120, 0x0000000002d572d0]
Event: 11.235 Thread 0x000000001b924000 3248       1       org.fusesource.jansi.AnsiOutputStream::write (874 bytes)

GC Heap History (10 events):
Event: 1.494 GC heap before
{Heap before GC invocations=6 (full 0):
 PSYoungGen      total 106496K, used 106464K [0x0000000780500000, 0x000000078e500000, 0x00000007c0000000)
  eden space 98304K, 100% used [0x0000000780500000,0x0000000786500000,0x0000000786500000)
  from space 8192K, 99% used [0x0000000786500000,0x0000000786cf8020,0x0000000786d00000)
  to   space 16384K, 0% used [0x000000078d500000,0x000000078d500000,0x000000078e500000)
 ParOldGen       total 131072K, used 16325K [0x0000000700e00000, 0x0000000708e00000, 0x0000000780500000)
  object space 131072K, 12% used [0x0000000700e00000,0x0000000701df1410,0x0000000708e00000)
 Metaspace       used 15964K, capacity 16708K, committed 17024K, reserved 1064960K
  class space    used 1949K, capacity 2327K, committed 2432K, reserved 1048576K
Event: 1.500 GC heap after
Heap after GC invocations=6 (full 0):
 PSYoungGen      total 211968K, used 9664K [0x0000000780500000, 0x000000078e400000, 0x00000007c0000000)
  eden space 196608K, 0% used [0x0000000780500000,0x0000000780500000,0x000000078c500000)
  from space 15360K, 62% used [0x000000078d500000,0x000000078de70060,0x000000078e400000)
  to   space 15872K, 0% used [0x000000078c500000,0x000000078c500000,0x000000078d480000)
 ParOldGen       total 131072K, used 16333K [0x0000000700e00000, 0x0000000708e00000, 0x0000000780500000)
  object space 131072K, 12% used [0x0000000700e00000,0x0000000701df3410,0x0000000708e00000)
 Metaspace       used 15964K, capacity 16708K, committed 17024K, reserved 1064960K
  class space    used 1949K, capacity 2327K, committed 2432K, reserved 1048576K
}
Event: 1.818 GC heap before
{Heap before GC invocations=7 (full 0):
 PSYoungGen      total 211968K, used 206272K [0x0000000780500000, 0x000000078e400000, 0x00000007c0000000)
  eden space 196608K, 100% used [0x0000000780500000,0x000000078c500000,0x000000078c500000)
  from space 15360K, 62% used [0x000000078d500000,0x000000078de70060,0x000000078e400000)
  to   space 15872K, 0% used [0x000000078c500000,0x000000078c500000,0x000000078d480000)
 ParOldGen       total 131072K, used 16333K [0x0000000700e00000, 0x0000000708e00000, 0x0000000780500000)
  object space 131072K, 12% used [0x0000000700e00000,0x0000000701df3410,0x0000000708e00000)
 Metaspace       used 16630K, capacity 17456K, committed 17664K, reserved 1064960K
  class space    used 2059K, capacity 2478K, committed 2560K, reserved 1048576K
Event: 1.826 GC heap after
Heap after GC invocations=7 (full 0):
 PSYoungGen      total 212480K, used 7501K [0x0000000780500000, 0x000000079a500000, 0x00000007c0000000)
  eden space 196608K, 0% used [0x0000000780500000,0x0000000780500000,0x000000078c500000)
  from space 15872K, 47% used [0x000000078c500000,0x000000078cc53420,0x000000078d480000)
  to   space 16384K, 0% used [0x0000000799500000,0x0000000799500000,0x000000079a500000)
 ParOldGen       total 131072K, used 21757K [0x0000000700e00000, 0x0000000708e00000, 0x0000000780500000)
  object space 131072K, 16% used [0x0000000700e00000,0x000000070233f740,0x0000000708e00000)
 Metaspace       used 16630K, capacity 17456K, committed 17664K, reserved 1064960K
  class space    used 2059K, capacity 2478K, committed 2560K, reserved 1048576K
}
Event: 2.065 GC heap before
{Heap before GC invocations=8 (full 0):
 PSYoungGen      total 212480K, used 204109K [0x0000000780500000, 0x000000079a500000, 0x00000007c0000000)
  eden space 196608K, 100% used [0x0000000780500000,0x000000078c500000,0x000000078c500000)
  from space 15872K, 47% used [0x000000078c500000,0x000000078cc53420,0x000000078d480000)
  to   space 16384K, 0% used [0x0000000799500000,0x0000000799500000,0x000000079a500000)
 ParOldGen       total 131072K, used 21757K [0x0000000700e00000, 0x0000000708e00000, 0x0000000780500000)
  object space 131072K, 16% used [0x0000000700e00000,0x000000070233f740,0x0000000708e00000)
 Metaspace       used 16815K, capacity 17878K, committed 18176K, reserved 1064960K
  class space    used 2108K, capacity 2705K, committed 2816K, reserved 1048576K
Event: 2.069 GC heap after
Heap after GC invocations=8 (full 0):
 PSYoungGen      total 409600K, used 7612K [0x0000000780500000, 0x000000079a500000, 0x00000007c0000000)
  eden space 393216K, 0% used [0x0000000780500000,0x0000000780500000,0x0000000798500000)
  from space 16384K, 46% used [0x0000000799500000,0x0000000799c6f060,0x000000079a500000)
  to   space 16384K, 0% used [0x0000000798500000,0x0000000798500000,0x0000000799500000)
 ParOldGen       total 131072K, used 23237K [0x0000000700e00000, 0x0000000708e00000, 0x0000000780500000)
  object space 131072K, 17% used [0x0000000700e00000,0x00000007024b15a0,0x0000000708e00000)
 Metaspace       used 16815K, capacity 17878K, committed 18176K, reserved 1064960K
  class space    used 2108K, capacity 2705K, committed 2816K, reserved 1048576K
}
Event: 2.536 GC heap before
{Heap before GC invocations=9 (full 0):
 PSYoungGen      total 409600K, used 243733K [0x0000000780500000, 0x000000079a500000, 0x00000007c0000000)
  eden space 393216K, 60% used [0x0000000780500000,0x000000078eb96448,0x0000000798500000)
  from space 16384K, 46% used [0x0000000799500000,0x0000000799c6f060,0x000000079a500000)
  to   space 16384K, 0% used [0x0000000798500000,0x0000000798500000,0x0000000799500000)
 ParOldGen       total 131072K, used 23237K [0x0000000700e00000, 0x0000000708e00000, 0x0000000780500000)
  object space 131072K, 17% used [0x0000000700e00000,0x00000007024b15a0,0x0000000708e00000)
 Metaspace       used 19967K, capacity 21152K, committed 21296K, reserved 1067008K
  class space    used 2642K, capacity 3382K, committed 3456K, reserved 1048576K
Event: 2.543 GC heap after
Heap after GC invocations=9 (full 0):
 PSYoungGen      total 409600K, used 10613K [0x0000000780500000, 0x00000007a8a80000, 0x00000007c0000000)
  eden space 393216K, 0% used [0x0000000780500000,0x0000000780500000,0x0000000798500000)
  from space 16384K, 64% used [0x0000000798500000,0x0000000798f5d5d0,0x0000000799500000)
  to   space 15872K, 0% used [0x00000007a7b00000,0x00000007a7b00000,0x00000007a8a80000)
 ParOldGen       total 131072K, used 25809K [0x0000000700e00000, 0x0000000708e00000, 0x0000000780500000)
  object space 131072K, 19% used [0x0000000700e00000,0x0000000702734778,0x0000000708e00000)
 Metaspace       used 19967K, capacity 21152K, committed 21296K, reserved 1067008K
  class space    used 2642K, capacity 3382K, committed 3456K, reserved 1048576K
}
Event: 2.543 GC heap before
{Heap before GC invocations=10 (full 1):
 PSYoungGen      total 409600K, used 10613K [0x0000000780500000, 0x00000007a8a80000, 0x00000007c0000000)
  eden space 393216K, 0% used [0x0000000780500000,0x0000000780500000,0x0000000798500000)
  from space 16384K, 64% used [0x0000000798500000,0x0000000798f5d5d0,0x0000000799500000)
  to   space 15872K, 0% used [0x00000007a7b00000,0x00000007a7b00000,0x00000007a8a80000)
 ParOldGen       total 131072K, used 25809K [0x0000000700e00000, 0x0000000708e00000, 0x0000000780500000)
  object space 131072K, 19% used [0x0000000700e00000,0x0000000702734778,0x0000000708e00000)
 Metaspace       used 19967K, capacity 21152K, committed 21296K, reserved 1067008K
  class space    used 2642K, capacity 3382K, committed 3456K, reserved 1048576K
Event: 2.618 GC heap after
Heap after GC invocations=10 (full 1):
 PSYoungGen      total 409600K, used 0K [0x0000000780500000, 0x00000007a8a80000, 0x00000007c0000000)
  eden space 393216K, 0% used [0x0000000780500000,0x0000000780500000,0x0000000798500000)
  from space 16384K, 0% used [0x0000000798500000,0x0000000798500000,0x0000000799500000)
  to   space 15872K, 0% used [0x00000007a7b00000,0x00000007a7b00000,0x00000007a8a80000)
 ParOldGen       total 111616K, used 29968K [0x0000000700e00000, 0x0000000707b00000, 0x0000000780500000)
  object space 111616K, 26% used [0x0000000700e00000,0x0000000702b44020,0x0000000707b00000)
 Metaspace       used 19967K, capacity 21152K, committed 21296K, reserved 1067008K
  class space    used 2642K, capacity 3382K, committed 3456K, reserved 1048576K
}

Deoptimization events (0 events):
No events

Internal exceptions (10 events):
Event: 3.223 Thread 0x000000001eb74800 Exception <a 'java/lang/NoSuchMethodError': <clinit>> (0x00000007841bdbc0) thrown at [C:\re\workspace\8-2-build-windows-amd64-cygwin\jdk8u121\8372\hotspot\src\share\vm\prims\jni.cpp, line 1613]
Event: 3.223 Thread 0x000000001eb74800 Exception <a 'java/lang/NoSuchMethodError': <clinit>> (0x00000007841c0b18) thrown at [C:\re\workspace\8-2-build-windows-amd64-cygwin\jdk8u121\8372\hotspot\src\share\vm\prims\jni.cpp, line 1613]
Event: 3.223 Thread 0x000000001eb74800 Exception <a 'java/lang/NoSuchMethodError': <clinit>> (0x00000007841c9dc8) thrown at [C:\re\workspace\8-2-build-windows-amd64-cygwin\jdk8u121\8372\hotspot\src\share\vm\prims\jni.cpp, line 1613]
Event: 3.226 Thread 0x000000001eb74800 Exception <a 'java/lang/NoSuchMethodError': <clinit>> (0x000000078420d3c0) thrown at [C:\re\workspace\8-2-build-windows-amd64-cygwin\jdk8u121\8372\hotspot\src\share\vm\prims\jni.cpp, line 1613]
Event: 3.226 Thread 0x000000001eb74800 Exception <a 'java/lang/NoSuchMethodError': <clinit>> (0x0000000784219f98) thrown at [C:\re\workspace\8-2-build-windows-amd64-cygwin\jdk8u121\8372\hotspot\src\share\vm\prims\jni.cpp, line 1613]
Event: 3.227 Thread 0x000000001eb74800 Exception <a 'java/lang/NoSuchMethodError': <clinit>> (0x00000007842220b8) thrown at [C:\re\workspace\8-2-build-windows-amd64-cygwin\jdk8u121\8372\hotspot\src\share\vm\prims\jni.cpp, line 1613]
Event: 3.227 Thread 0x000000001eb74800 Exception <a 'java/lang/NoSuchMethodError': <clinit>> (0x000000078422b968) thrown at [C:\re\workspace\8-2-build-windows-amd64-cygwin\jdk8u121\8372\hotspot\src\share\vm\prims\jni.cpp, line 1613]
Event: 3.228 Thread 0x000000001eb74800 Exception <a 'java/lang/NoSuchMethodError': <clinit>> (0x00000007842448b0) thrown at [C:\re\workspace\8-2-build-windows-amd64-cygwin\jdk8u121\8372\hotspot\src\share\vm\prims\jni.cpp, line 1613]
Event: 3.258 Thread 0x000000001eb74800 Exception <a 'java/lang/NoSuchMethodError': <clinit>> (0x0000000784265090) thrown at [C:\re\workspace\8-2-build-windows-amd64-cygwin\jdk8u121\8372\hotspot\src\share\vm\prims\jni.cpp, line 1613]
Event: 3.258 Thread 0x000000001eb74800 Exception <a 'java/lang/NoSuchMethodError': <clinit>> (0x000000078426edd8) thrown at [C:\re\workspace\8-2-build-windows-amd64-cygwin\jdk8u121\8372\hotspot\src\share\vm\prims\jni.cpp, line 1613]

Events (10 events):
Event: 3.262 loading class org/gradle/internal/concurrent/StoppableExecutorImpl$1 done
Event: 3.263 Thread 0x000000001f5cf800 Thread added: 0x000000001f5cf800
Event: 3.724 loading class org/gradle/internal/logging/events/StyledTextOutputEvent$Span
Event: 3.724 loading class org/gradle/internal/logging/events/StyledTextOutputEvent$Span done
Event: 3.724 loading class java/util/Collections$SingletonList
Event: 3.724 loading class java/util/Collections$SingletonList done
Event: 3.724 loading class java/util/Collections$1
Event: 3.724 loading class java/util/Collections$1 done
Event: 4.083 Executing VM operation: EnableBiasedLocking
Event: 4.084 Executing VM operation: EnableBiasedLocking done


Dynamic libraries:
0x00007ff617880000 - 0x00007ff6178b7000 	C:\Program Files\Java\jdk1.8.0_121\bin\java.exe
0x00007ffa6a6c0000 - 0x00007ffa6a891000 	C:\WINDOWS\SYSTEM32\ntdll.dll
0x00007ffa67cc0000 - 0x00007ffa67d6b000 	C:\WINDOWS\System32\KERNEL32.DLL
0x00007ffa66e30000 - 0x00007ffa6704d000 	C:\WINDOWS\System32\KERNELBASE.dll
0x0000000053ee0000 - 0x0000000053f8e000 	C:\Program Files\Bitdefender\Bitdefender 2017\Active Virus Control\Avc3_00116_002\avcuf64.dll
0x00007ffa6a480000 - 0x00007ffa6a522000 	C:\WINDOWS\System32\ADVAPI32.dll
0x00007ffa683f0000 - 0x00007ffa6848e000 	C:\WINDOWS\System32\msvcrt.dll
0x00007ffa69b40000 - 0x00007ffa69b99000 	C:\WINDOWS\System32\sechost.dll
0x00007ffa6a190000 - 0x00007ffa6a2b1000 	C:\WINDOWS\System32\RPCRT4.dll
0x00007ffa6a550000 - 0x00007ffa6a6b5000 	C:\WINDOWS\System32\USER32.dll
0x00007ffa678a0000 - 0x00007ffa678be000 	C:\WINDOWS\System32\win32u.dll
0x00007ffa68490000 - 0x00007ffa684c4000 	C:\WINDOWS\System32\GDI32.dll
0x00007ffa67ac0000 - 0x00007ffa67c42000 	C:\WINDOWS\System32\gdi32full.dll
0x00007ffa5d2a0000 - 0x00007ffa5d51a000 	C:\WINDOWS\WinSxS\amd64_microsoft.windows.common-controls_6595b64144ccf1df_6.0.14393.953_none_42151e83c686086b\COMCTL32.dll
0x00007ffa69e00000 - 0x00007ffa6a0c8000 	C:\WINDOWS\System32\combase.dll
0x00007ffa678c0000 - 0x00007ffa679b5000 	C:\WINDOWS\System32\ucrtbase.dll
0x00007ffa670a0000 - 0x00007ffa6710a000 	C:\WINDOWS\System32\bcryptPrimitives.dll
0x00007ffa69bc0000 - 0x00007ffa69bee000 	C:\WINDOWS\System32\IMM32.DLL
0x00000000501b0000 - 0x0000000050282000 	C:\Program Files\Java\jdk1.8.0_121\jre\bin\msvcr100.dll
0x0000000077760000 - 0x0000000077ffb000 	C:\Program Files\Java\jdk1.8.0_121\jre\bin\server\jvm.dll
0x00007ffa6a530000 - 0x00007ffa6a538000 	C:\WINDOWS\System32\PSAPI.DLL
0x00007ffa5b730000 - 0x00007ffa5b739000 	C:\WINDOWS\SYSTEM32\WSOCK32.dll
0x00007ffa69d90000 - 0x00007ffa69dfa000 	C:\WINDOWS\System32\WS2_32.dll
0x00007ffa64ac0000 - 0x00007ffa64ae3000 	C:\WINDOWS\SYSTEM32\WINMM.dll
0x00007ffa62f40000 - 0x00007ffa62f4a000 	C:\WINDOWS\SYSTEM32\VERSION.dll
0x00007ffa64a90000 - 0x00007ffa64abb000 	C:\WINDOWS\SYSTEM32\WINMMBASE.dll
0x00007ffa67050000 - 0x00007ffa67092000 	C:\WINDOWS\System32\cfgmgr32.dll
0x0000000050f60000 - 0x0000000050f6f000 	C:\Program Files\Java\jdk1.8.0_121\jre\bin\verify.dll
0x0000000050f30000 - 0x0000000050f59000 	C:\Program Files\Java\jdk1.8.0_121\jre\bin\java.dll
0x0000000050190000 - 0x00000000501a6000 	C:\Program Files\Java\jdk1.8.0_121\jre\bin\zip.dll
0x00007ffa68630000 - 0x00007ffa69b38000 	C:\WINDOWS\System32\SHELL32.dll
0x00007ffa67110000 - 0x00007ffa677ea000 	C:\WINDOWS\System32\windows.storage.dll
0x00007ffa66b60000 - 0x00007ffa66bac000 	C:\WINDOWS\System32\powrprof.dll
0x00007ffa6a0d0000 - 0x00007ffa6a122000 	C:\WINDOWS\System32\shlwapi.dll
0x00007ffa66b50000 - 0x00007ffa66b5f000 	C:\WINDOWS\System32\kernel.appcore.dll
0x00007ffa677f0000 - 0x00007ffa67899000 	C:\WINDOWS\System32\shcore.dll
0x00007ffa66b20000 - 0x00007ffa66b34000 	C:\WINDOWS\System32\profapi.dll
0x00007ffa665f0000 - 0x00007ffa66607000 	C:\WINDOWS\SYSTEM32\CRYPTSP.dll
0x00007ffa66050000 - 0x00007ffa66083000 	C:\WINDOWS\system32\rsaenh.dll
0x00007ffa66700000 - 0x00007ffa6672b000 	C:\WINDOWS\SYSTEM32\bcrypt.dll
0x00007ffa662d0000 - 0x00007ffa662ef000 	C:\WINDOWS\SYSTEM32\USERENV.dll
0x00007ffa66610000 - 0x00007ffa6661b000 	C:\WINDOWS\SYSTEM32\CRYPTBASE.dll
0x0000000050170000 - 0x000000005018a000 	C:\Program Files\Java\jdk1.8.0_121\jre\bin\net.dll
0x00007ffa66450000 - 0x00007ffa664ac000 	C:\WINDOWS\system32\mswsock.dll
0x00007ffa661d0000 - 0x00007ffa66208000 	C:\WINDOWS\SYSTEM32\IPHLPAPI.DLL
0x00007ffa6a540000 - 0x00007ffa6a548000 	C:\WINDOWS\System32\NSI.dll
0x00007ffa634b0000 - 0x00007ffa634c6000 	C:\WINDOWS\SYSTEM32\dhcpcsvc6.DLL
0x00007ffa63850000 - 0x00007ffa6386a000 	C:\WINDOWS\SYSTEM32\dhcpcsvc.DLL
0x0000000050150000 - 0x0000000050161000 	C:\Program Files\Java\jdk1.8.0_121\jre\bin\nio.dll
0x00007ffa64b80000 - 0x00007ffa64b8a000 	C:\Users\Peter\AppData\Local\Temp\jansi-64-1-4235983450231639074.14
0x00007ffa64b40000 - 0x00007ffa64b4a000 	C:\Users\Peter\AppData\Local\Temp\jansi-64-1-4155605229017456956.14
0x00007ffa3f990000 - 0x00007ffa3f9a2000 	C:\Users\Peter\.gradle\native\19\windows-amd64\native-platform.dll
0x0000000050140000 - 0x000000005014d000 	C:\Program Files\Java\jdk1.8.0_121\jre\bin\management.dll

VM Arguments:
jvm_args: -XX:+TieredCompilation -XX:TieredStopAtLevel=1 -XX:CICompilerCount=3 -Dgrails.full.stacktrace=true -Djline.WindowsTerminal.directConsole=false -Dgrails.build.listeners=org.jetbrains.groovy.grails.rt.GrailsIdeaTestListener -Dfile.encoding=UTF-8 
java_command: org.grails.cli.GrailsCli test-app cscie56.finalproj.NameSpec -echoOut
java_class_path (initial): C:\Users\Peter\AppData\Local\Temp\classpath32734.jar
Launcher Type: SUN_STANDARD

Environment Variables:
JAVA_HOME=c:\Program Files\Java\jdk1.8.0_121
PATH=C:\ProgramData\Oracle\Java\javapath;c:\Users\Peter\.sdkman\candidates\grails\3.2.6/bin;C:\Program Files\Java\jdk1.8.0_121/bin;c:\Program Files (x86)\Intel\iCLS Client\;c:\Program Files\Intel\iCLS Client\;C:\WINDOWS\system32;C:\WINDOWS;C:\WINDOWS\System32\Wbem;C:\WINDOWS\System32\WindowsPowerShell\v1.0\;C:\Program Files\Hewlett-Packard\SimplePass\;C:\Program Files\MATLAB\R2007b\bin;C:\Program Files\MATLAB\R2007b\bin\win64;C:\Program Files (x86)\QuickTime\QTSystem\;C:\Program Files (x86)\Intel\Intel(R) Management Engine Components\DAL;C:\Program Files\Intel\Intel(R) Management Engine Components\DAL;C:\Program Files (x86)\Intel\Intel(R) Management Engine Components\IPT;C:\Program Files\Intel\Intel(R) Management Engine Components\IPT;c:\Users\Peter\.sdkman\candidates\groovy\2.4.8\bin;C:\Program Files (x86)\Windows Live\Shared;C:\Program Files\Git\cmd;C:\Program Files (x86)\PuTTY\;C:\Program Files (x86)\AMD\ATI.ACE\Core-Static;C:\Program Files (x86)\Skype\Phone\;C:\Program Files\nodejs\;C:\Users\Peter\Anaconda3;C:\Users\Peter\Anaconda3\Scripts;C:\Users\Peter\Anaconda3\Library\bin;C:\Program Files\Docker Toolbox;C:\Users\Peter\AppData\Local\Microsoft\WindowsApps;c:\Users\Peter\.sdkman\candidates\grails\3.2.6\bin;c:\Users\Peter\.sdkman\candidates\groovy\2.4.8\bin;c:\Program Files\Java\jdk1.8.0_121\bin;C:\Users\Peter\AppData\Roaming\npm
USERNAME=Peter
OS=Windows_NT
PROCESSOR_IDENTIFIER=Intel64 Family 6 Model 60 Stepping 3, GenuineIntel



---------------  S Y S T E M  ---------------

OS: Windows 10.0 , 64 bit Build 14393 (10.0.14393.0)

CPU:total 8 (4 cores per cpu, 2 threads per core) family 6 model 60 stepping 3, cmov, cx8, fxsr, mmx, sse, sse2, sse3, ssse3, sse4.1, sse4.2, popcnt, avx, avx2, aes, clmul, erms, lzcnt, ht, tsc, tscinvbit, bmi1, bmi2

Memory: 4k page, physical 12520512k(3825028k free), swap 16714816k(48916k free)

vm_info: Java HotSpot(TM) 64-Bit Server VM (25.121-b13) for windows-amd64 JRE (1.8.0_121-b13), built on Dec 12 2016 18:21:36 by "java_re" with MS VC++ 10.0 (VS2010)

time: Sun May 07 10:37:44 2017
elapsed time: 11 seconds (0d 0h 0m 11s)

